# JRE version: Java(TM) SE Runtime Environment (8.0_181-b13) (build 1.8.0_181-b13)
# Java VM: Java HotSpot(TM) 64-Bit Server VM (25.181-b13 mixed mode windows-amd64 compressed oops)
Heap:
 PSYoungGen      total 355328K, used 10753K [0x00000000d5b80000, 0x00000000eeb80000, 0x0000000100000000)
  eden space 340992K, 0% used [0x00000000d5b80000,0x00000000d5b80000,0x00000000ea880000)
  from space 14336K, 75% used [0x00000000eb700000,0x00000000ec180568,0x00000000ec500000)
  to   space 14848K, 0% used [0x00000000ea880000,0x00000000ea880000,0x00000000eb700000)
 ParOldGen       total 76800K, used 29640K [0x0000000081200000, 0x0000000085d00000, 0x00000000d5b80000)
  object space 76800K, 38% used [0x0000000081200000,0x0000000082ef20b0,0x0000000085d00000)
 Metaspace       used 56974K, capacity 58882K, committed 58968K, reserved 1099776K
  class space    used 7411K, capacity 7757K, committed 7808K, reserved 1048576K
GC Heap History (10 events):
Event: 10.080 GC heap after
Heap after GC invocations=10 (full 1):
 PSYoungGen      total 268288K, used 10221K [0x00000000d5b80000, 0x00000000ec500000, 0x0000000100000000)
  eden space 258048K, 0% used [0x00000000d5b80000,0x00000000d5b80000,0x00000000e5780000)
  from space 10240K, 99% used [0x00000000e5780000,0x00000000e617b470,0x00000000e6180000)
  to   space 14336K, 0% used [0x00000000eb700000,0x00000000eb700000,0x00000000ec500000)
 ParOldGen       total 47616K, used 12738K [0x0000000081200000, 0x0000000084080000, 0x00000000d5b80000)
  object space 47616K, 26% used [0x0000000081200000,0x0000000081e70860,0x0000000084080000)
 Metaspace       used 31688K, capacity 32848K, committed 33024K, reserved 1077248K
  class space    used 4089K, capacity 4342K, committed 4352K, reserved 1048576K
}
Event: 10.698 GC heap before
{Heap before GC invocations=11 (full 1):
 PSYoungGen      total 268288K, used 82476K [0x00000000d5b80000, 0x00000000ec500000, 0x0000000100000000)
  eden space 258048K, 28% used [0x00000000d5b80000,0x00000000da20fcb8,0x00000000e5780000)
  from space 10240K, 99% used [0x00000000e5780000,0x00000000e617b470,0x00000000e6180000)
  to   space 14336K, 0% used [0x00000000eb700000,0x00000000eb700000,0x00000000ec500000)
 ParOldGen       total 47616K, used 12738K [0x0000000081200000, 0x0000000084080000, 0x00000000d5b80000)
  object space 47616K, 26% used [0x0000000081200000,0x0000000081e70860,0x0000000084080000)
 Metaspace       used 34107K, capacity 35374K, committed 35416K, reserved 1079296K
  class space    used 4448K, capacity 4709K, committed 4736K, reserved 1048576K
Event: 10.720 GC heap after
Heap after GC invocations=11 (full 1):
 PSYoungGen      total 355328K, used 8966K [0x00000000d5b80000, 0x00000000eeb80000, 0x0000000100000000)
  eden space 340992K, 0% used [0x00000000d5b80000,0x00000000d5b80000,0x00000000ea880000)
  from space 14336K, 62% used [0x00000000eb700000,0x00000000ebfc1a98,0x00000000ec500000)
  to   space 14848K, 0% used [0x00000000ea880000,0x00000000ea880000,0x00000000eb700000)
 ParOldGen       total 47616K, used 17630K [0x0000000081200000, 0x0000000084080000, 0x00000000d5b80000)
  object space 47616K, 37% used [0x0000000081200000,0x0000000082337b00,0x0000000084080000)
 Metaspace       used 34107K, capacity 35374K, committed 35416K, reserved 1079296K
  class space    used 4448K, capacity 4709K, committed 4736K, reserved 1048576K
}
Event: 10.720 GC heap before
{Heap before GC invocations=12 (full 2):
 PSYoungGen      total 355328K, used 8966K [0x00000000d5b80000, 0x00000000eeb80000, 0x0000000100000000)
  eden space 340992K, 0% used [0x00000000d5b80000,0x00000000d5b80000,0x00000000ea880000)
  from space 14336K, 62% used [0x00000000eb700000,0x00000000ebfc1a98,0x00000000ec500000)
  to   space 14848K, 0% used [0x00000000ea880000,0x00000000ea880000,0x00000000eb700000)
 ParOldGen       total 47616K, used 17630K [0x0000000081200000, 0x0000000084080000, 0x00000000d5b80000)
  object space 47616K, 37% used [0x0000000081200000,0x0000000082337b00,0x0000000084080000)
 Metaspace       used 34107K, capacity 35374K, committed 35416K, reserved 1079296K
  class space    used 4448K, capacity 4709K, committed 4736K, reserved 1048576K
Event: 10.800 GC heap after
Heap after GC invocations=12 (full 2):
 PSYoungGen      total 355328K, used 0K [0x00000000d5b80000, 0x00000000eeb80000, 0x0000000100000000)
  eden space 340992K, 0% used [0x00000000d5b80000,0x00000000d5b80000,0x00000000ea880000)
  from space 14336K, 0% used [0x00000000eb700000,0x00000000eb700000,0x00000000ec500000)
  to   space 14848K, 0% used [0x00000000ea880000,0x00000000ea880000,0x00000000eb700000)
 ParOldGen       total 76800K, used 19256K [0x0000000081200000, 0x0000000085d00000, 0x00000000d5b80000)
  object space 76800K, 25% used [0x0000000081200000,0x00000000824ce038,0x0000000085d00000)
 Metaspace       used 34107K, capacity 35374K, committed 35416K, reserved 1079296K
  class space    used 4448K, capacity 4709K, committed 4736K, reserved 1048576K
}
Event: 15.002 GC heap before
{Heap before GC invocations=13 (full 2):
 PSYoungGen      total 355328K, used 340992K [0x00000000d5b80000, 0x00000000eeb80000, 0x0000000100000000)
  eden space 340992K, 100% used [0x00000000d5b80000,0x00000000ea880000,0x00000000ea880000)
  from space 14336K, 0% used [0x00000000eb700000,0x00000000eb700000,0x00000000ec500000)
  to   space 14848K, 0% used [0x00000000ea880000,0x00000000ea880000,0x00000000eb700000)
 ParOldGen       total 76800K, used 19256K [0x0000000081200000, 0x0000000085d00000, 0x00000000d5b80000)
  object space 76800K, 25% used [0x0000000081200000,0x00000000824ce038,0x0000000085d00000)
 Metaspace       used 47193K, capacity 48652K, committed 48984K, reserved 1091584K
  class space    used 6115K, capacity 6404K, committed 6528K, reserved 1048576K
Event: 15.020 GC heap after
Heap after GC invocations=13 (full 2):
 PSYoungGen      total 355840K, used 14837K [0x00000000d5b80000, 0x00000000eeb80000, 0x0000000100000000)
  eden space 340992K, 0% used [0x00000000d5b80000,0x00000000d5b80000,0x00000000ea880000)
  from space 14848K, 99% used [0x00000000ea880000,0x00000000eb6fd6a0,0x00000000eb700000)
  to   space 14336K, 0% used [0x00000000eb700000,0x00000000eb700000,0x00000000ec500000)
 ParOldGen       total 76800K, used 21111K [0x0000000081200000, 0x0000000085d00000, 0x00000000d5b80000)
  object space 76800K, 27% used [0x0000000081200000,0x000000008269deb8,0x0000000085d00000)
 Metaspace       used 47193K, capacity 48652K, committed 48984K, reserved 1091584K
  class space    used 6115K, capacity 6404K, committed 6528K, reserved 1048576K
}
Event: 17.115 GC heap before
{Heap before GC invocations=14 (full 2):
 PSYoungGen      total 355840K, used 239920K [0x00000000d5b80000, 0x00000000eeb80000, 0x0000000100000000)
  eden space 340992K, 66% used [0x00000000d5b80000,0x00000000e374ed50,0x00000000ea880000)
  from space 14848K, 99% used [0x00000000ea880000,0x00000000eb6fd6a0,0x00000000eb700000)
  to   space 14336K, 0% used [0x00000000eb700000,0x00000000eb700000,0x00000000ec500000)
 ParOldGen       total 76800K, used 21111K [0x0000000081200000, 0x0000000085d00000, 0x00000000d5b80000)
  object space 76800K, 27% used [0x0000000081200000,0x000000008269deb8,0x0000000085d00000)
 Metaspace       used 56974K, capacity 58882K, committed 58968K, reserved 1099776K
  class space    used 7411K, capacity 7757K, committed 7808K, reserved 1048576K
Event: 17.146 GC heap after
Heap after GC invocations=14 (full 2):
 PSYoungGen      total 355328K, used 10753K [0x00000000d5b80000, 0x00000000eeb80000, 0x0000000100000000)
  eden space 340992K, 0% used [0x00000000d5b80000,0x00000000d5b80000,0x00000000ea880000)
  from space 14336K, 75% used [0x00000000eb700000,0x00000000ec180568,0x00000000ec500000)
  to   space 14848K, 0% used [0x00000000ea880000,0x00000000ea880000,0x00000000eb700000)
 ParOldGen       total 76800K, used 29640K [0x0000000081200000, 0x0000000085d00000, 0x00000000d5b80000)
  object space 76800K, 38% used [0x0000000081200000,0x0000000082ef20b0,0x0000000085d00000)
 Metaspace       used 56974K, capacity 58882K, committed 58968K, reserved 1099776K
  class space    used 7411K, capacity 7757K, committed 7808K, reserved 1048576K
}
Event: 17.146 GC heap before
{Heap before GC invocations=15 (full 3):
 PSYoungGen      total 355328K, used 10753K [0x00000000d5b80000, 0x00000000eeb80000, 0x0000000100000000)
  eden space 340992K, 0% used [0x00000000d5b80000,0x00000000d5b80000,0x00000000ea880000)
  from space 14336K, 75% used [0x00000000eb700000,0x00000000ec180568,0x00000000ec500000)
  to   space 14848K, 0% used [0x00000000ea880000,0x00000000ea880000,0x00000000eb700000)
 ParOldGen       total 76800K, used 29640K [0x0000000081200000, 0x0000000085d00000, 0x00000000d5b80000)
  object space 76800K, 38% used [0x0000000081200000,0x0000000082ef20b0,0x0000000085d00000)
 Metaspace       used 56974K, capacity 58882K, committed 58968K, reserved 1099776K
  class space    used 7411K, capacity 7757K, committed 7808K, reserved 1048576K

